C51 COMPILER V9.60.0.0   DISPLAY                                                           11/07/2022 00:17:38 PAGE 1   


C51 COMPILER V9.60.0.0, COMPILATION OF MODULE DISPLAY
OBJECT MODULE PLACED IN .\Objects\display.obj
COMPILER INVOKED BY: D:\keil5\C51\BIN\C51.EXE ..\BSP\Display\display.c OPTIMIZE(8,SPEED) BROWSE INCDIR(..\BSP\DS1302;..\
                    -BSP\IIC;..\BSP\LCD;..\BSP\Display;..\USER\timer) DEBUG OBJECTEXTEND PRINT(.\Listings\display.lst) OBJECT(.\Objects\displ
                    -ay.obj)

line level    source

   1          /*
   2           * @Author: liubotao
   3           * @Date: 2022-11-01 09:53:31
   4           * @LastEditors: liubotao
   5           * @LastEditTime: 2022-11-01 10:11:49
   6           * @FilePath: \ds1302-lcd1602\BSP\Display\display.c
   7           * @Description: 
   8           * 
   9           */
  10          #include "display.h"
  11          #include <reg51.h>
  12          
  13          
  14          
  15          unsigned char numS[10]={0xc0,0xf9,0xa4,0xb0,0x99,0x92,0x82,0xf8,0x80,0x90};
  16          
  17          
  18          void delay(unsigned int us)
  19          {
  20   1       while(us--); 
  21   1      }
  22          
  23          void setSeg(unsigned char num ,unsigned char bitNum)
  24          {
  25   1       if(bitNum>8)return;
  26   1       if(num>9)return;
  27   1      
  28   1       PINS=numS[num];
  29   1       switch(bitNum)
  30   1       {
  31   2        case 1: PIN=0x01;break;
  32   2        case 2: PIN=0x02;break;  
  33   2        case 3: PIN=0x04;break; 
  34   2        case 4: PIN=0x08;break; 
  35   2        case 5: PIN=0x10;break;
  36   2        case 6: PIN=0x20;break;  
  37   2        case 7: PIN=0x40;break; 
  38   2        case 8: PIN=0x80;break; 
  39   2      
  40   2       }
  41   1       delay(100);
  42   1       PIN=0x00;
  43   1      }
  44          
  45          
  46          void num4(unsigned int nums)
  47          {
  48   1       setSeg((nums/1000)%10,1);
  49   1       setSeg((nums/100)%10,2);
  50   1       setSeg((nums/10)%10,3);
  51   1       setSeg(nums%10,4);
  52   1      }
  53          
C51 COMPILER V9.60.0.0   DISPLAY                                                           11/07/2022 00:17:38 PAGE 2   

  54          
  55          
  56          // void main()
  57          // { 
  58          //  while(1)
  59          //  {
  60          //   num4(1357);
  61          
  62          //  }
  63          // }


MODULE INFORMATION:   STATIC OVERLAYABLE
   CODE SIZE        =    224    ----
   CONSTANT SIZE    =   ----    ----
   XDATA SIZE       =   ----    ----
   PDATA SIZE       =   ----    ----
   DATA SIZE        =     10    ----
   IDATA SIZE       =   ----    ----
   BIT SIZE         =   ----    ----
END OF MODULE INFORMATION.


C51 COMPILATION COMPLETE.  0 WARNING(S),  0 ERROR(S)
