C51 COMPILER V9.60.0.0   IIC                                                               11/07/2022 00:17:38 PAGE 1   


C51 COMPILER V9.60.0.0, COMPILATION OF MODULE IIC
OBJECT MODULE PLACED IN .\Objects\iic.obj
COMPILER INVOKED BY: D:\keil5\C51\BIN\C51.EXE ..\BSP\IIC\iic.c OPTIMIZE(8,SPEED) BROWSE INCDIR(..\BSP\DS1302;..\BSP\IIC;
                    -..\BSP\LCD;..\BSP\Display;..\USER\timer) DEBUG OBJECTEXTEND PRINT(.\Listings\iic.lst) OBJECT(.\Objects\iic.obj)

line level    source

   1          /*
   2           * @Author: liubotao
   3           * @Date: 2022-10-31 10:10:49
   4           * @LastEditors: liubotao
   5           * @LastEditTime: 2022-10-31 15:56:28
   6           * @FilePath: \ds1302-lcd1602\BSP\IIC\iic.c
   7           * @Description: iic 低位先
   8           * 
   9           */
  10          #include "iic.h"
  11          #include <intrins.h>
  12          #define DELAY_TIME 5
  13          
  14          
  15          void iicDelay(uint8_t i)
  16          {
  17   1          do{_nop_();}
  18   1          while(i--);        
  19   1      }
  20          
  21          //I2C总线启动信号
  22          void iicStart(void)
  23          {
  24   1          SDA = 1;
  25   1          SCL = 1;
  26   1          _nop_();
  27   1          SDA = 0;
  28   1          _nop_();
  29   1          SCL = 0;    
  30   1      }
  31          
  32          //I2C总线停止信号
  33          void iicStop(void)
  34          {
  35   1          SDA = 0;
  36   1          SCL = 1;
  37   1          _nop_();
  38   1          SDA = 1;
  39   1          _nop_();
  40   1      }
  41          
  42          //发送应答或非应答信号
  43          void iicSendAck(uint8_t ackbit)
  44          {
  45   1          SCL = 0;
  46   1          SDA = ackbit;                                       
  47   1          _nop_();
  48   1          SCL = 1;
  49   1          _nop_();
  50   1          SCL = 0; 
  51   1          SDA = 1;
  52   1          _nop_();
  53   1      }
  54          
C51 COMPILER V9.60.0.0   IIC                                                               11/07/2022 00:17:38 PAGE 2   

  55          //等待应答
  56          uint8_t iicWaitAck(void)
  57          {
  58   1          uint8_t ackbit;
  59   1              
  60   1          SCL  = 1;
  61   1          _nop_();
  62   1          ackbit = SDA;
  63   1          SCL = 0;
  64   1          _nop_();
  65   1          return ackbit;
  66   1      }
  67          
  68          //I2C总线发送一个字节数据
  69          void iicSendByte(uint8_t byt)
  70          {
  71   1          uint8_t i;
  72   1      
  73   1          for(i=0; i<8; i++)
  74   1          {
  75   2              SDA = byt & 0x01; 
  76   2              byt >>= 1;
  77   2              SCL = 1; 
  78   2              _nop_();
  79   2              SCL = 0;
  80   2              _nop_();
  81   2          }
  82   1         // SCL  = 0;  
  83   1      }
  84          
  85          //I2C总线接收一个字节数据
  86          uint8_t iicRecByte()
  87          {
  88   1          uint8_t n,dat,dat1;
  89   1      
  90   1              for(n=0; n<8; n++)
  91   1              {
  92   2                      dat1 = SDA;
  93   2                      dat = (dat>>1) | (dat1<<7);
  94   2                      SCL = 1;
  95   2                      _nop_();
  96   2                      SCL = 0;
  97   2                      _nop_();
  98   2              }
  99   1          return dat;    
 100   1      }
 101          
 102          
 103          
 104          
 105          
 106          


MODULE INFORMATION:   STATIC OVERLAYABLE
   CODE SIZE        =    126    ----
   CONSTANT SIZE    =   ----    ----
   XDATA SIZE       =   ----    ----
   PDATA SIZE       =   ----    ----
   DATA SIZE        =   ----    ----
   IDATA SIZE       =   ----    ----
   BIT SIZE         =   ----    ----
C51 COMPILER V9.60.0.0   IIC                                                               11/07/2022 00:17:38 PAGE 3   

END OF MODULE INFORMATION.


C51 COMPILATION COMPLETE.  0 WARNING(S),  0 ERROR(S)
