C51 COMPILER V9.60.0.0   MAIN                                                              11/07/2022 02:26:02 PAGE 1   


C51 COMPILER V9.60.0.0, COMPILATION OF MODULE MAIN
OBJECT MODULE PLACED IN .\Objects\main.obj
COMPILER INVOKED BY: D:\keil5\C51\BIN\C51.EXE ..\USER\main.c OPTIMIZE(8,SPEED) BROWSE INCDIR(..\BSP\DS1302;..\BSP\IIC;..
                    -\BSP\LCD;..\BSP\Display;..\USER\timer) DEBUG OBJECTEXTEND PRINT(.\Listings\main.lst) OBJECT(.\Objects\main.obj)

line level    source

   1          /*
   2           * @Author: liubotao
   3           * @Date: 2022-10-26 10:24:52
   4           * @LastEditors: liubotao
   5           * @LastEditTime: 2022-11-07 02:19:11
   6           * @FilePath: \ds1302-lcd1602\USER\main.c
   7           * @Description: 
   8           * 
   9           */
  10          #include <reg51.h>
  11          #include "lcd1602.h"
  12          #include "ds1302.h"
  13          #include "timer.h"
  14          
  15          
  16          sbit k1=P3^0;
  17          sbit k2=P3^1;
  18          sbit k3=P3^2;
  19          sbit k4=P3^3;
  20          
  21          
  22          void timer0Init();
  23          void task100ms();
  24          
  25          unsigned  char mainSetClock(TIMER_T * t);
  26          unsigned  char mainShowClock(TIMER_T * t);//显示正在设置的时间
  27          unsigned  char mainRefreshClock(TIMER_T * t);//显示时钟芯片的时间
  28          
  29          
  30          TIMER_T  timer=
  31          {
  32                  0,
  33                  0,
  34                  {0, 0x30, 0x16, 0x31, 0x10, 0x06, 0x22},
  35                  mainSetClock,
  36                  mainShowClock,
  37                  mainRefreshClock,
  38                  ds1302ReadTime,
*** WARNING C182 IN LINE 38 OF ..\USER\main.c: pointer to different objects
  39                  ds1302Init,
  40                  initLcd1602,
  41                  LcdShowStr,
  42          };
  43          
  44          //uint8_t code TIME[7] = {0, 0x30, 0x16, 0x31, 0x10, 0x06, 0x22};
  45          
  46          
  47          void main()
  48          {       
  49   1              initLcd1602();
  50   1              //ds1302Init(timer.timeBuffer);
  51   1              timer.setClock(&timer);
  52   1              timer0Init();
  53   1              while(1)
C51 COMPILER V9.60.0.0   MAIN                                                              11/07/2022 02:26:02 PAGE 2   

  54   1              {
  55   2                      showIncident(&timer);
  56   2              }
  57   1      }
  58          
  59          unsigned  char mainSetClock(TIMER_T * t)
  60          {
  61   1      
  62   1              ds1302Init(t->timeBuffer);
  63   1      }
*** WARNING C173 IN LINE 63 OF ..\USER\main.c: missing return-expression
  64          
  65          unsigned  char mainShowClock(TIMER_T * t)//显示正在设置的时间
  66          {
  67   1      
  68   1              unsigned  char buf_s[9]={0};
  69   1              unsigned  char buf_d[13]={0};
  70   1      
  71   1              buf_s[0] = (t->timeBuffer[2]/16)+0x30;                          
  72   1              buf_s[1] = (t->timeBuffer[2]&0x0f)+0x30;                                 
  73   1              buf_s[2] = '-';
  74   1              buf_s[3] = (t->timeBuffer[1]/16)+0x30;                          
  75   1              buf_s[4] = (t->timeBuffer[1]&0x0f)+0x30;        
  76   1              buf_s[5] = '-';
  77   1              buf_s[6] = (t->timeBuffer[0]/16)+0x30;                          
  78   1              buf_s[7] = (t->timeBuffer[0]&0x0f)+0x30;
  79   1      
  80   1              buf_d[0] = (t->timeBuffer[6] / 16) + 0x30; 
  81   1              buf_d[1] = (t->timeBuffer[6] & 0x0f) + 0x30;
  82   1              buf_d[2] = '-';
  83   1              buf_d[3] = (t->timeBuffer[4] / 16) + 0x30; 
  84   1              buf_d[4] = (t->timeBuffer[4] & 0x0f) + 0x30;
  85   1              buf_d[5] = '-';
  86   1              buf_d[6] = (t->timeBuffer[3] / 16) + 0x30; 
  87   1              buf_d[7] = (t->timeBuffer[3] & 0x0f) + 0x30;
  88   1              LcdShowStr(0,0,buf_s); 
  89   1              LcdShowStr(0,1,buf_d); 
  90   1              
  91   1      }
*** WARNING C173 IN LINE 91 OF ..\USER\main.c: missing return-expression
  92          
  93          unsigned char mainRefreshClock(TIMER_T * t)//显示时钟芯片的时间
  94          {
  95   1              unsigned  char buffer_1[9]={0};
  96   1              unsigned  char buffer_2[13]={0};
  97   1              
  98   1              dataPros(buffer_1,buffer_2);
  99   1      
 100   1              LcdShowStr(0,0,buffer_1); 
 101   1              LcdShowStr(0,1,buffer_2);
 102   1      }
*** WARNING C173 IN LINE 102 OF ..\USER\main.c: missing return-expression
*** WARNING C280 IN LINE 93 OF ..\USER\main.c: 't': unreferenced local variable
 103          
 104          
 105          void timer0Init()
 106          {
 107   1              TMOD |= 0X10;
 108   1      
 109   1              TH1 = 0XFC; //定时1ms
 110   1              TL1 = 0X18;
 111   1              ET1 = 1;
C51 COMPILER V9.60.0.0   MAIN                                                              11/07/2022 02:26:02 PAGE 3   

 112   1              EA = 1;
 113   1              TR1 = 1;
 114   1      }
 115          
 116          void Timer1() interrupt 3
 117          {
 118   1              static int time_num;
 119   1              TH1 = 0XFC; //定时1ms
 120   1              TL1 = 0X18;
 121   1              time_num++;
 122   1              if (time_num == 20)//20ms
 123   1              {
 124   2                      time_num = 0;
 125   2                      task100ms();
 126   2              }
 127   1      }
 128          
 129          
 130          void task100ms()
 131          {
 132   1              static int task_k1num=0,task_k2num=0,task_k3num=0,task_k4num=0;
 133   1              static unsigned char k1Val=0,k2Val=0,k3Val=0,k4Val=0;
 134   1              if(k1==0)
 135   1              {
 136   2                      task_k1num++;
 137   2                      if (task_k1num>3)//60ms
 138   2                      {
 139   3                              if (k1Val==0)//60ms
 140   3                              {
 141   4                                      modeIncident(&timer);
 142   4                                      task_k1num=0;   
 143   4                                      k1Val=1;//标志位置1，代表按下没有松开
 144   4                              }
 145   3                      }
 146   2              }
 147   1              else if(k1==1)
 148   1              {
 149   2                      task_k1num=0;   
 150   2                      k1Val=0;//标志位置0，代表按下松开了，或者没有按下。
 151   2              }
 152   1      
 153   1              if(k2==0)
 154   1              {
 155   2                      task_k2num++;
 156   2                      if (task_k2num>3)//60ms
 157   2                      {
 158   3                              if (k2Val==0)//60ms
 159   3                              {
 160   4                                      addIncident(&timer);
 161   4                                      task_k2num=0;   
 162   4                                      k2Val=1;//标志位置1，代表按下没有松开
 163   4                              }
 164   3                      }
 165   2              }
 166   1              else if(k2==1)
 167   1              {
 168   2                      task_k2num=0;   
 169   2                      k2Val=0;//标志位置0，代表按下松开了，或者没有按下。
 170   2              }
 171   1      
 172   1              if(k3==0)
 173   1              {
C51 COMPILER V9.60.0.0   MAIN                                                              11/07/2022 02:26:02 PAGE 4   

 174   2                      task_k3num++;
 175   2                      if (task_k3num>3)//60ms
 176   2                      {
 177   3                              if (k3Val==0)//60ms
 178   3                              {
 179   4                                      subIncident(&timer);
 180   4                                      task_k3num=0;   
 181   4                                      k3Val=1;//标志位置1，代表按下没有松开
 182   4                              }
 183   3                      }
 184   2              }
 185   1              else if(k3==1)
 186   1              {
 187   2                      task_k3num=0;   
 188   2                      k3Val=0;//标志位置0，代表按下松开了，或者没有按下。
 189   2              }
 190   1      
 191   1              if(k4==0)
 192   1              {
 193   2                      task_k4num++;
 194   2                      if (task_k4num>3)//60ms
 195   2                      {
 196   3                              if (k4Val==0)//60ms
 197   3                              {
 198   4                                      switchIncident(&timer);
 199   4                                      task_k4num=0;   
 200   4                                      k4Val=1;//标志位置1，代表按下没有松开
 201   4                              }
 202   3                      }
 203   2              }
 204   1              else if(k4==1)
 205   1              {
 206   2                      task_k4num=0;   
 207   2                      k4Val=0;//标志位置0，代表按下松开了，或者没有按下。
 208   2              }
 209   1      
 210   1              
 211   1      }
*** WARNING C290 IN LINE 63 OF ..\USER\main.c: missing return value
*** WARNING C290 IN LINE 91 OF ..\USER\main.c: missing return value
*** WARNING C290 IN LINE 102 OF ..\USER\main.c: missing return value


MODULE INFORMATION:   STATIC OVERLAYABLE
   CODE SIZE        =    657    ----
   CONSTANT SIZE    =     44    ----
   XDATA SIZE       =   ----    ----
   PDATA SIZE       =   ----    ----
   DATA SIZE        =     45      50
   IDATA SIZE       =   ----    ----
   BIT SIZE         =   ----    ----
END OF MODULE INFORMATION.


C51 COMPILATION COMPLETE.  8 WARNING(S),  0 ERROR(S)
